"C:/Users/ender/Desktop/ColiseumChaos-master/Content/Maps/FadeIn.uasset" 0
"C:/Users/ender/Desktop/ColiseumChaos-master/Content/Maps/FadeOut.uasset" 1
"C:/Users/ender/Desktop/ColiseumChaos-master/Content/Enemy/Scavenger/Scav_Number.uasset" 2
"../../../Engine/Content/EditorBlueprintResources/StandardMacros.uasset" 3
"C:/Users/ender/Desktop/ColiseumChaos-master/Content/Engine/CCSaveGame.uasset" 4
"C:/Users/ender/Desktop/ColiseumChaos-master/Content/Engine/CCGameInstance.uasset" 5
"C:/Users/ender/Desktop/ColiseumChaos-master/Content/Shakes/HeavyShake.uasset" 6
"../../../Engine/Content/Functions/Engine_MaterialFunctions01/Density/ExponentialDensity.uasset" 7
"../../../Engine/Content/Functions/Engine_MaterialFunctions01/Gradient/RadialGradientExponential.uasset" 8
"C:/Users/ender/Desktop/ColiseumChaos-master/Content/Effects/Materials/SmokeMat.uasset" 9
"C:/Users/ender/Desktop/ColiseumChaos-master/Content/Effects/ParticleEffects/Smoke/Dust.uasset" 10
"C:/Users/ender/Desktop/ColiseumChaos-master/Content/Effects/ParticleEffects/Smoke/Smoke_Part.uasset" 11
"C:/Users/ender/Desktop/ColiseumChaos-master/Content/Effects/Materials/Lit_Spr.uasset" 12
"C:/Users/ender/Desktop/ColiseumChaos-master/Content/Enemy/Gollem/Gollem1.uasset" 13
"C:/Users/ender/Desktop/ColiseumChaos-master/Content/Enemy/Gollem/Gollem1_Spr.uasset" 14
"C:/Users/ender/Desktop/ColiseumChaos-master/Content/Enemy/Gollem/Gollem2.uasset" 15
"C:/Users/ender/Desktop/ColiseumChaos-master/Content/Enemy/Gollem/Gollem2_Spr.uasset" 16
"C:/Users/ender/Desktop/ColiseumChaos-master/Content/Enemy/Gollem/Gollem3.uasset" 17
"C:/Users/ender/Desktop/ColiseumChaos-master/Content/Enemy/Gollem/Gollem3_Spr.uasset" 18
"C:/Users/ender/Desktop/ColiseumChaos-master/Content/Enemy/Gollem/Gollem_FB.uasset" 19
"C:/Users/ender/Desktop/ColiseumChaos-master/Content/Enemy/Gollem/GollemJump1.uasset" 20
"C:/Users/ender/Desktop/ColiseumChaos-master/Content/Enemy/Gollem/Jump1_Spr.uasset" 21
"C:/Users/ender/Desktop/ColiseumChaos-master/Content/Enemy/Gollem/GollemJump2.uasset" 22
"C:/Users/ender/Desktop/ColiseumChaos-master/Content/Enemy/Gollem/Jump2_Spr.uasset" 23
"C:/Users/ender/Desktop/ColiseumChaos-master/Content/Enemy/Gollem/GollemJump3.uasset" 24
"C:/Users/ender/Desktop/ColiseumChaos-master/Content/Enemy/Gollem/Jump3_Spr.uasset" 25
"C:/Users/ender/Desktop/ColiseumChaos-master/Content/Enemy/Gollem/GollemJump4.uasset" 26
"C:/Users/ender/Desktop/ColiseumChaos-master/Content/Enemy/Gollem/Jump4_Spr.uasset" 27
"C:/Users/ender/Desktop/ColiseumChaos-master/Content/Enemy/Gollem/Jump_FB.uasset" 28
"C:/Users/ender/Desktop/ColiseumChaos-master/Content/Sound/Enemy/Gollem/GollemJump_Sound.uasset" 29
"C:/Users/ender/Desktop/ColiseumChaos-master/Content/Sound/EnemyKill.uasset" 30
"C:/Users/ender/Desktop/ColiseumChaos-master/Content/Enemy/Gollem/Gollem_BP.uasset" 31
"C:/Users/ender/Desktop/ColiseumChaos-master/Content/Shakes/SlightShake.uasset" 32
"../../../Engine/Content/Functions/Engine_MaterialFunctions01/Opacity/CameraDepthFade.uasset" 33
"../../../Engine/Content/EngineMaterials/T_Default_Material_Grid_M.uasset" 34
"../../../Engine/Content/EngineMaterials/T_Default_Material_Grid_N.uasset" 35
"../../../Engine/Content/EngineMaterials/DefaultMaterial.uasset" 36
"../../../Engine/Content/BasicShapes/Sphere.uasset" 37
"C:/Users/ender/Desktop/ColiseumChaos-master/Content/Enemy/Mage/fireParticle.uasset" 38
"C:/Users/ender/Desktop/ColiseumChaos-master/Content/Enemy/Mage/fireMat.uasset" 39
"C:/Users/ender/Desktop/ColiseumChaos-master/Content/Enemy/Mage/fire.uasset" 40
"C:/Users/ender/Desktop/ColiseumChaos-master/Content/Enemy/Mage/fireball.uasset" 41
"C:/Users/ender/Desktop/ColiseumChaos-master/Content/Enemy/Mage/fireball_Sprite.uasset" 42
"C:/Users/ender/Desktop/ColiseumChaos-master/Content/Sound/Hit.uasset" 43
"C:/Users/ender/Desktop/ColiseumChaos-master/Content/Enemy/Mage/Fireball_BP.uasset" 44
"C:/Users/ender/Desktop/ColiseumChaos-master/Content/Enemy/Mage/Mage.uasset" 45
"C:/Users/ender/Desktop/ColiseumChaos-master/Content/Enemy/Mage/Mage_Spr.uasset" 46
"C:/Users/ender/Desktop/ColiseumChaos-master/Content/Enemy/Mage/Mage_FB.uasset" 47
"C:/Users/ender/Desktop/ColiseumChaos-master/Content/Enemy/Mage/Mage_BP.uasset" 48
"C:/Users/ender/Desktop/ColiseumChaos-master/Content/Enemy/Scavenger/Scavenger.uasset" 49
"C:/Users/ender/Desktop/ColiseumChaos-master/Content/Enemy/Scavenger/Scav1_Spr.uasset" 50
"C:/Users/ender/Desktop/ColiseumChaos-master/Content/Enemy/Scavenger/Scav2_Spr.uasset" 51
"C:/Users/ender/Desktop/ColiseumChaos-master/Content/Enemy/Scavenger/Scavenger_FB.uasset" 52
"C:/Users/ender/Desktop/ColiseumChaos-master/Content/Enemy/Scavenger/Scav_BP.uasset" 53
"C:/Users/ender/Desktop/ColiseumChaos-master/Content/Enemy/EnemyDamageBP.uasset" 54
"C:/Users/ender/Desktop/ColiseumChaos-master/Content/Items/Bomb/bomb.uasset" 55
"C:/Users/ender/Desktop/ColiseumChaos-master/Content/Items/Bomb/BombSprite.uasset" 56
"C:/Users/ender/Desktop/ColiseumChaos-master/Content/Effects/Materials/Spark.uasset" 57
"C:/Users/ender/Desktop/ColiseumChaos-master/Content/Items/Bomb/explosion.uasset" 58
"C:/Users/ender/Desktop/ColiseumChaos-master/Content/Items/Bomb/Bomb_BP.uasset" 59
"C:/Users/ender/Desktop/ColiseumChaos-master/Content/Effects/ParticleEffects/Sparks/Sparks.uasset" 60
"C:/Users/ender/Desktop/ColiseumChaos-master/Content/GUI/Pointer.uasset" 61
"C:/Users/ender/Desktop/ColiseumChaos-master/Content/GUI/MouseWid.uasset" 62
"C:/Users/ender/Desktop/ColiseumChaos-master/Content/Fonts/Gamer.uasset" 63
"C:/Users/ender/Desktop/ColiseumChaos-master/Content/Fonts/Gamer_Font.uasset" 64
"C:/Users/ender/Desktop/ColiseumChaos-master/Content/GUI/PlayerStat.uasset" 65
"C:/Users/ender/Desktop/ColiseumChaos-master/Content/Fonts/8-bit_fortress.uasset" 66
"C:/Users/ender/Desktop/ColiseumChaos-master/Content/Fonts/8-bit_fortress_Font.uasset" 67
"C:/Users/ender/Desktop/ColiseumChaos-master/Content/GUI/Shop/icons/hpUp.uasset" 68
"C:/Users/ender/Desktop/ColiseumChaos-master/Content/GUI/Shop/icons/maxHpUp.uasset" 69
"C:/Users/ender/Desktop/ColiseumChaos-master/Content/GUI/Shop/ShopGUI.uasset" 70
"C:/Users/ender/Desktop/ColiseumChaos-master/Content/Hats/textures/partyHat.uasset" 71
"C:/Users/ender/Desktop/ColiseumChaos-master/Content/Hats/partyHatSprite.uasset" 72
"C:/Users/ender/Desktop/ColiseumChaos-master/Content/Player/PlayerMedia/dust.uasset" 73
"C:/Users/ender/Desktop/ColiseumChaos-master/Content/Player/PlayerMedia/dust_Mat.uasset" 74
"C:/Users/ender/Desktop/ColiseumChaos-master/Content/Player/PlayerMedia/dustTrail.uasset" 75
"C:/Users/ender/Desktop/ColiseumChaos-master/Content/Player/PlayerMedia/Player1.uasset" 76
"C:/Users/ender/Desktop/ColiseumChaos-master/Content/Player/PlayerMedia/Player1_Spr.uasset" 77
"C:/Users/ender/Desktop/ColiseumChaos-master/Content/Player/PlayerMedia/Player1_FB.uasset" 78
"C:/Users/ender/Desktop/ColiseumChaos-master/Content/Player/PlayerMedia/Player1Arm.uasset" 79
"C:/Users/ender/Desktop/ColiseumChaos-master/Content/Player/PlayerMedia/Player1Arm_Spr.uasset" 80
"C:/Users/ender/Desktop/ColiseumChaos-master/Content/Player/PlayerMedia/PlayerLunge1.uasset" 81
"C:/Users/ender/Desktop/ColiseumChaos-master/Content/Player/PlayerMedia/PlayerLunge1_Spr.uasset" 82
"C:/Users/ender/Desktop/ColiseumChaos-master/Content/Player/PlayerMedia/PlayerLunge2.uasset" 83
"C:/Users/ender/Desktop/ColiseumChaos-master/Content/Player/PlayerMedia/PlayerLunge2_Spr.uasset" 84
"C:/Users/ender/Desktop/ColiseumChaos-master/Content/Player/PlayerMedia/PlayerLunge_FB.uasset" 85
"C:/Users/ender/Desktop/ColiseumChaos-master/Content/Player/PlayerMedia/PlayerRun1.uasset" 86
"C:/Users/ender/Desktop/ColiseumChaos-master/Content/Player/PlayerMedia/PlayerRun1_Spr.uasset" 87
"C:/Users/ender/Desktop/ColiseumChaos-master/Content/Player/PlayerMedia/PlayerRun2.uasset" 88
"C:/Users/ender/Desktop/ColiseumChaos-master/Content/Player/PlayerMedia/PlayerRun2_Spr.uasset" 89
"C:/Users/ender/Desktop/ColiseumChaos-master/Content/Player/PlayerMedia/PlayerRun3.uasset" 90
"C:/Users/ender/Desktop/ColiseumChaos-master/Content/Player/PlayerMedia/PlayerRun3_Spr.uasset" 91
"C:/Users/ender/Desktop/ColiseumChaos-master/Content/Player/PlayerMedia/PlayerRun4.uasset" 92
"C:/Users/ender/Desktop/ColiseumChaos-master/Content/Player/PlayerMedia/PlayerRun4_Spr.uasset" 93
"C:/Users/ender/Desktop/ColiseumChaos-master/Content/Player/PlayerMedia/PlayerRun_FB.uasset" 94
"C:/Users/ender/Desktop/ColiseumChaos-master/Content/Sound/Lunge_Sound.uasset" 95
"C:/Users/ender/Desktop/ColiseumChaos-master/Content/Sound/Slash_Sound3.uasset" 96
"C:/Users/ender/Desktop/ColiseumChaos-master/Content/Swords/Pack1/textures/cosmic.uasset" 97
"C:/Users/ender/Desktop/ColiseumChaos-master/Content/Swords/Pack1/cosmicSprite.uasset" 98
"C:/Users/ender/Desktop/ColiseumChaos-master/Content/Player/PlayerBP.uasset" 99
"C:/Users/ender/Desktop/ColiseumChaos-master/Content/Player/PlayerMedia/PlayerController.uasset" 100
"C:/Users/ender/Desktop/ColiseumChaos-master/Content/Engine/CCGamemode.uasset" 101
"C:/Users/ender/Desktop/ColiseumChaos-master/Content/Fonts/Wizard.uasset" 102
"C:/Users/ender/Desktop/ColiseumChaos-master/Content/Fonts/Wizard_Font.uasset" 103
"C:/Users/ender/Desktop/ColiseumChaos-master/Content/GUI/Logo/LogoFadeIn.uasset" 104
"C:/Users/ender/Desktop/ColiseumChaos-master/Content/GUI/Logo/LogoFadeOut.uasset" 105
"C:/Users/ender/Desktop/ColiseumChaos-master/Content/GUI/MainMenu/Barracks/BarracksBack.uasset" 106
"C:/Users/ender/Desktop/ColiseumChaos-master/Content/Hats/textures/roman.uasset" 107
"C:/Users/ender/Desktop/ColiseumChaos-master/Content/Hats/romanSprite.uasset" 108
"C:/Users/ender/Desktop/ColiseumChaos-master/Content/Hats/textures/viking.uasset" 109
"C:/Users/ender/Desktop/ColiseumChaos-master/Content/Hats/vikingSprite.uasset" 110
"C:/Users/ender/Desktop/ColiseumChaos-master/Content/Player/PlayerMedia/default.uasset" 111
"C:/Users/ender/Desktop/ColiseumChaos-master/Content/Player/PlayerMedia/Player1Arm_FB.uasset" 112
"C:/Users/ender/Desktop/ColiseumChaos-master/Content/Player/PlayerMedia/Player1Flipped.uasset" 113
"C:/Users/ender/Desktop/ColiseumChaos-master/Content/Player/PlayerMedia/Player1Flipped_Spr.uasset" 114
"C:/Users/ender/Desktop/ColiseumChaos-master/Content/Player/PlayerMedia/Player1Flipped_FB.uasset" 115
"C:/Users/ender/Desktop/ColiseumChaos-master/Content/Sound/Slash_Sound.uasset" 116
"C:/Users/ender/Desktop/ColiseumChaos-master/Content/Sound/Slash_Sound2.uasset" 117
"C:/Users/ender/Desktop/ColiseumChaos-master/Content/Swords/Pack1/textures/magma.uasset" 118
"C:/Users/ender/Desktop/ColiseumChaos-master/Content/Swords/Pack1/magmaSprite.uasset" 119
"C:/Users/ender/Desktop/ColiseumChaos-master/Content/Swords/Pack1/textures/ocean.uasset" 120
"C:/Users/ender/Desktop/ColiseumChaos-master/Content/Swords/Pack1/oceanSprite.uasset" 121
"C:/Users/ender/Desktop/ColiseumChaos-master/Content/Swords/Pack1/textures/rainbow.uasset" 122
"C:/Users/ender/Desktop/ColiseumChaos-master/Content/Swords/Pack1/rainbowSprite.uasset" 123
"C:/Users/ender/Desktop/ColiseumChaos-master/Content/Swords/Pack1/textures/summer.uasset" 124
"C:/Users/ender/Desktop/ColiseumChaos-master/Content/Swords/Pack1/summerSprite.uasset" 125
"C:/Users/ender/Desktop/ColiseumChaos-master/Content/Swords/Pack1/textures/sunset.uasset" 126
"C:/Users/ender/Desktop/ColiseumChaos-master/Content/Swords/Pack1/sunsetSprite.uasset" 127
"C:/Users/ender/Desktop/ColiseumChaos-master/Content/Swords/Pack1/textures/yang.uasset" 128
"C:/Users/ender/Desktop/ColiseumChaos-master/Content/Swords/Pack1/yangSprite.uasset" 129
"C:/Users/ender/Desktop/ColiseumChaos-master/Content/Swords/Pack1/textures/deepSea.uasset" 130
"C:/Users/ender/Desktop/ColiseumChaos-master/Content/Swords/WoodSwords/WoodSword.uasset" 131
"C:/Users/ender/Desktop/ColiseumChaos-master/Content/Swords/WoodSwords/WoodSword_Spr.uasset" 132
"C:/Users/ender/Desktop/ColiseumChaos-master/Content/Swords/WoodSwords/WoodSword_FB.uasset" 133
"../../../Engine/Content/EngineMaterials/WorldGridMaterial.uasset" 134
"../../../Engine/Content/ArtTools/RenderToTexture/Meshes/S_1_Unit_Plane.uasset" 135
"../../../Engine/Content/BasicShapes/Cone.uasset" 136
"../../../Engine/Content/BasicShapes/Cube.uasset" 137
"../../../Engine/Content/BasicShapes/Cylinder.uasset" 138
"../../../Engine/Content/BasicShapes/Plane.uasset" 139
"../../../Engine/Content/EditorLandscapeResources/DataLayer.uasset" 140
"../../../Engine/Content/EditorMaterials/GizmoMaterial.uasset" 141
"../../../Engine/Content/EditorMaterials/MAT_Groups_Toggle.uasset" 142
"../../../Engine/Content/EditorMaterials/MAT_Groups_Visibility.uasset" 143
"../../../Engine/Content/EditorMaterials/PreviewShadowIndicator.uasset" 144
"../../../Engine/Content/EditorMaterials/PreviewShadowIndicatorMaterial.uasset" 145
"../../../Engine/Content/EditorMaterials/MatineeGroups/MAT_ColorTrack.uasset" 146
"../../../Engine/Content/EditorMaterials/MatineeGroups/MAT_Groups_Anim.uasset" 147
"../../../Engine/Content/EditorMaterials/MatineeGroups/MAT_Groups_AudioMaster.uasset" 148
"../../../Engine/Content/EditorMaterials/MatineeGroups/MAT_Groups_Director.uasset" 149
"../../../Engine/Content/EditorMaterials/MatineeGroups/MAT_Groups_Event.uasset" 150
"../../../Engine/Content/EditorMaterials/MatineeGroups/MAT_Groups_Fade.uasset" 151
"../../../Engine/Content/EditorMaterials/MatineeGroups/MAT_Groups_Float.uasset" 152
"../../../Engine/Content/EditorMaterials/MatineeGroups/MAT_Groups_Move.uasset" 153
"../../../Engine/Content/EditorMaterials/MatineeGroups/MAT_Groups_Slomo.uasset" 154
"../../../Engine/Content/EditorMaterials/MatineeGroups/MAT_Groups_Sound.uasset" 155
"../../../Engine/Content/EditorMaterials/MatineeGroups/MAT_Groups_Vector.uasset" 156
"../../../Engine/Content/EditorMaterials/ParticleSystems/PSysThumbnail_NoImage.uasset" 157
"../../../Engine/Content/EditorMaterials/ParticleSystems/PSysThumbnail_OOD.uasset" 158
"../../../Engine/Content/EditorMaterials/Camera/CineMat.uasset" 159
"../../../Engine/Content/EditorMaterials/Camera/MI_CineMat_Rig.uasset" 160
"../../../Engine/Content/EditorMeshes/Camera/SM_CraneRig_Arm.uasset" 161
"../../../Engine/Content/EditorMeshes/Camera/SM_CraneRig_Base.uasset" 162
"../../../Engine/Content/EditorMeshes/Camera/SM_CraneRig_Body.uasset" 163
"../../../Engine/Content/EditorMeshes/Camera/SM_CraneRig_Mount.uasset" 164
"../../../Engine/Content/EditorMeshes/Camera/SM_RailRig_Mount.uasset" 165
"../../../Engine/Content/EditorMeshes/Camera/SM_RailRig_Track.uasset" 166
"../../../Engine/Content/EditorResources/BSPVertex.uasset" 167
"../../../Engine/Content/EditorResources/EmptyActor.uasset" 168
"../../../Engine/Content/EditorResources/S_Actor.uasset" 169
"../../../Engine/Content/EditorResources/S_Trigger.uasset" 170
"../../../Engine/Content/EditorResources/LightIcons/S_LightError.uasset" 171
"../../../Engine/Content/EditorResources/SequenceRecorder/Countdown.uasset" 172
"../../../Engine/Content/EditorResources/SequenceRecorder/RecordingIndicator.uasset" 173
"../../../Engine/Content/EditorSounds/Notifications/CompileFailed.uasset" 174
"../../../Engine/Content/EditorSounds/Notifications/CompileFailed_Cue.uasset" 175
"../../../Engine/Content/EditorSounds/Notifications/CompileSuccess.uasset" 176
"../../../Engine/Content/EditorSounds/Notifications/CompileStart_Cue.uasset" 177
"../../../Engine/Content/EditorSounds/Notifications/CompileSuccess_Cue.uasset" 178
"../../../Engine/Content/EngineDamageTypes/DmgTypeBP_Environmental.uasset" 179
"../../../Engine/Content/EngineDebugMaterials/HeatmapGradient.uasset" 180
"../../../Engine/Content/EngineDebugMaterials/BoneWeightMaterial.uasset" 181
"../../../Engine/Content/EngineDebugMaterials/ClothMaterial.uasset" 182
"../../../Engine/Content/EngineDebugMaterials/ClothMaterial_WF.uasset" 183
"../../../Engine/Content/EngineDebugMaterials/DebugEditorMaterial.uasset" 184
"../../../Engine/Content/EngineDebugMaterials/DebugMeshMaterial.uasset" 185
"../../../Engine/Content/EngineDebugMaterials/GeomMaterial.uasset" 186
"../../../Engine/Content/EngineDebugMaterials/M_SimpleTranslucent.uasset" 187
"../../../Engine/Content/EngineFonts/Faces/RobotoBold.uasset" 188
"../../../Engine/Content/EngineFonts/Faces/RobotoBoldItalic.uasset" 189
"../../../Engine/Content/EngineFonts/Faces/RobotoItalic.uasset" 190
"../../../Engine/Content/EngineFonts/Faces/RobotoLight.uasset" 191
"../../../Engine/Content/EngineFonts/Faces/RobotoRegular.uasset" 192
"../../../Engine/Content/EngineFonts/Roboto.uasset" 193
"../../../Engine/Content/EngineFonts/Faces/RobotoTiny.uasset" 194
"../../../Engine/Content/EngineFonts/RobotoTiny.uasset" 195
"../../../Engine/Content/EngineMaterials/BaseFlattenDiffuseMap.uasset" 196
"../../../Engine/Content/EngineMaterials/BaseFlattenEmissiveMap.uasset" 197
"../../../Engine/Content/EngineMaterials/BaseFlattenGrayscaleMap.uasset" 198
"../../../Engine/Content/EngineMaterials/BaseFlattenNormalMap.uasset" 199
"../../../Engine/Content/EngineMaterials/BaseFlattenMaterial.uasset" 200
"../../../Engine/Content/EngineMaterials/DefaultBloomKernel.uasset" 201
"../../../Engine/Content/EngineMaterials/DefaultBokeh.uasset" 202
"../../../Engine/Content/EngineMaterials/DefaultDiffuse.uasset" 203
"../../../Engine/Content/EngineMaterials/DefaultDeferredDecalMaterial.uasset" 204
"../../../Engine/Content/EngineMaterials/DefaultLightFunctionMaterial.uasset" 205
"../../../Engine/Content/EngineMaterials/DefaultPhysicalMaterial.uasset" 206
"../../../Engine/Content/Functions/Engine_MaterialFunctions02/Utility/BreakOutFloat2Components.uasset" 207
"../../../Engine/Content/EngineMaterials/DefaultPostProcessMaterial.uasset" 208
"../../../Engine/Content/EngineFonts/RobotoDistanceField.uasset" 209
"../../../Engine/Content/EngineMaterials/DefaultTextMaterialOpaque.uasset" 210
"../../../Engine/Content/EngineMaterials/DefaultWhiteGrid.uasset" 211
"../../../Engine/Content/EngineMaterials/EditorBrushMaterial.uasset" 212
"../../../Engine/Content/EngineMaterials/Good64x64TilingNoiseHighFreq.uasset" 213
"../../../Engine/Content/EngineMaterials/MiniFont.uasset" 214
"../../../Engine/Content/EngineMaterials/InvalidLightmapSettings.uasset" 215
"../../../Engine/Content/EngineMaterials/M_InvalidLightmapSettings.uasset" 216
"../../../Engine/Content/Functions/Engine_MaterialFunctions02/WorldPositionOffset/CameraOffset.uasset" 217
"../../../Engine/Content/EngineMaterials/PhAT_JointLimitMaterial.uasset" 218
"../../../Engine/Content/EngineMaterials/PreintegratedSkinBRDF.uasset" 219
"../../../Engine/Content/EngineMaterials/RemoveSurfaceMaterial.uasset" 220
"../../../Engine/Content/EngineMaterials/WeightMapPlaceholderTexture.uasset" 221
"../../../Engine/Content/EngineResources/WhiteSquareTexture.uasset" 222
"../../../Engine/Content/EngineMaterials/Widget3DPassThrough.uasset" 223
"../../../Engine/Content/EngineMaterials/Widget3DPassThrough_Masked.uasset" 224
"../../../Engine/Content/EngineMaterials/Widget3DPassThrough_Opaque.uasset" 225
"../../../Engine/Content/EngineMaterials/Widget3DPassThrough_Masked_OneSided.uasset" 226
"../../../Engine/Content/EngineMaterials/Widget3DPassThrough_Opaque_OneSided.uasset" 227
"../../../Engine/Content/EngineMaterials/Widget3DPassThrough_Translucent.uasset" 228
"../../../Engine/Content/EngineMaterials/Widget3DPassThrough_Translucent_OneSided.uasset" 229
"../../../Engine/Content/EngineMeshes/Cylinder.uasset" 230
"../../../Engine/Content/EngineMeshes/Sphere.uasset" 231
"../../../Engine/Content/EngineResources/Black.uasset" 232
"../../../Engine/Content/EngineResources/DefaultTexture.uasset" 233
"../../../Engine/Content/EngineResources/DefaultTextureCube.uasset" 234
"../../../Engine/Content/EngineResources/DefaultVolumeTexture2D.uasset" 235
"../../../Engine/Content/EngineResources/DefaultVolumeTexture.uasset" 236
"../../../Engine/Content/EngineResources/GradientTexture0.uasset" 237
"../../../Engine/Content/EngineSounds/Master.uasset" 238
"../../../Engine/Content/Functions/Engine_MaterialFunctions01/Shading/ConvertFromDiffSpec.uasset" 239
"../../../Engine/Content/Functions/Engine_MaterialFunctions01/Shading/PowerToRoughness.uasset" 240
"../../../Engine/Content/Maps/Templates/Thumbnails/Default.uasset" 241
"../../../Engine/Content/Maps/Templates/Thumbnails/VR-Basic.uasset" 242
"../../../Engine/Content/MobileResources/T_MobileControls_texture.uasset" 243
"../../../Engine/Content/MobileResources/T_MobileMenu2.uasset" 244
"../../../Engine/Content/MobileResources/HUD/AnalogHat.uasset" 245
"../../../Engine/Content/MobileResources/HUD/VirtualJoystick_Background.uasset" 246
"../../../Engine/Content/MobileResources/HUD/VirtualJoystick_Thumb.uasset" 247
"../../../Engine/Content/MobileResources/HUD/DefaultVirtualJoysticks.uasset" 248
"../../../Engine/Content/MobileResources/HUD/LeftVirtualJoystickOnly.uasset" 249
"../../../Engine/Content/MobileResources/HUD/MobileHUDButton1_off.uasset" 250
"../../../Engine/Content/MobileResources/HUD/MobileHUDButton1_on.uasset" 251
"../../../Engine/Content/MobileResources/HUD/MobileHUDButton2_off.uasset" 252
"../../../Engine/Content/MobileResources/HUD/MobileHUDButton2_on.uasset" 253
"../../../Engine/Content/MobileResources/HUD/MobileHUDButton3.uasset" 254
"../../../Engine/Content/MobileResources/HUD/MobileHUDButtonFire.uasset" 255
"../../../Engine/Content/MobileResources/HUD/MobileHUDDirectionPad.uasset" 256
"../../../Engine/Content/MobileResources/HUD/MobileHUDDirectionPad2.uasset" 257
"../../../Engine/Content/MobileResources/HUD/MobileHUDDirectionPad3.uasset" 258
"../../../Engine/Content/MobileResources/HUD/MobileHUDDirectionStick.uasset" 259
"../../../Engine/Content/MobileResources/HUD/T_Castle_ThumbstickInner.uasset" 260
"../../../Engine/Content/MobileResources/HUD/T_Castle_ThumbstickOutter.uasset" 261
"../../../Engine/Content/Tutorial/ContentIntroCurve.uasset" 262
"../../../Engine/Content/VREditor/LaserPointer/VR_LaserPower_01.uasset" 263
"../../../Engine/Content/VREditor/TransformGizmo/TransformGizmoMaterial.uasset" 264
"../../../Engine/Content/VREditor/TransformGizmo/TranslucentTransformGizmoMaterial.uasset" 265
"../../../Engine/Content/VREditor/TransformGizmo/BoundingBoxCorner.uasset" 266
"../../../Engine/Content/VREditor/TransformGizmo/BoundingBoxEdge.uasset" 267
"../../../Engine/Content/VREditor/TransformGizmo/PlaneTranslationHandle.uasset" 268
"../../../Engine/Content/VREditor/TransformGizmo/Main.uasset" 269
"../../../Engine/Content/VREditor/TransformGizmo/Xray.uasset" 270
"../../../Engine/Content/VREditor/TransformGizmo/SM_Sequencer_Key.uasset" 271
"../../../Engine/Content/VREditor/TransformGizmo/SM_Sequencer_Node.uasset" 272
"../../Plugins/2D/Paper2D/Content/PlaceholderTextures/DummySpriteTexture.uasset" 273
"../../Plugins/2D/Paper2D/Content/DummySprite.uasset" 274
"../../Plugins/2D/Paper2D/Content/DefaultPaperTerrainMaterial.uasset" 275
"../../Plugins/2D/Paper2D/Content/DefaultSpriteMaterial.uasset" 276
"../../Plugins/2D/Paper2D/Content/MaskedUnlitSpriteMaterial.uasset" 277
"../../Plugins/2D/Paper2D/Content/OpaqueUnlitSpriteMaterial.uasset" 278
"../../Plugins/Runtime/Oculus/OculusVR/Content/Materials/PokeAHoleMaterial.uasset" 279
"../../Plugins/Runtime/Oculus/OculusVR/Content/Textures/GearVRController_AO.uasset" 280
"../../Plugins/Runtime/Oculus/OculusVR/Content/Textures/GearVRController_Color.uasset" 281
"../../Plugins/Runtime/Oculus/OculusVR/Content/Textures/GearVRController_Normal.uasset" 282
"../../Plugins/Runtime/Oculus/OculusVR/Content/Materials/GearVRControllerMaterial.uasset" 283
"../../Plugins/Runtime/Oculus/OculusVR/Content/Meshes/GearVrController.uasset" 284
"../../Plugins/Runtime/Oculus/OculusVR/Content/Textures/touchController_albedo.uasset" 285
"../../Plugins/Runtime/Oculus/OculusVR/Content/Textures/touchController_controlmap.uasset" 286
"../../Plugins/Runtime/Oculus/OculusVR/Content/Materials/touchController_mat.uasset" 287
"../../Plugins/Runtime/Oculus/OculusVR/Content/Meshes/LeftTouchController.uasset" 288
"../../Plugins/Runtime/Oculus/OculusVR/Content/Meshes/RiftHMD.uasset" 289
"../../Plugins/Runtime/Oculus/OculusVR/Content/Meshes/RightTouchController.uasset" 290
"C:/Users/ender/Desktop/ColiseumChaos-master/Content/GameOver/GameOver.uasset" 291
"C:/Users/ender/Desktop/ColiseumChaos-master/Content/GameOver/GameOverBP.uasset" 292
"C:/Users/ender/Desktop/ColiseumChaos-master/Content/Maps/GAME_OVER.umap" 293
"../../Plugins/Enterprise/DatasmithContent/Content/Blueprints/FBXImporter/Animation/DeltaGenAnimationTrackType.uasset" 294
"../../Plugins/Enterprise/DatasmithContent/Content/Blueprints/FBXImporter/Animation/DeltaGenAnimationTrack.uasset" 295
"../../Plugins/Enterprise/DatasmithContent/Content/Blueprints/FBXImporter/Animation/DeltaGenTimelineAnimation.uasset" 296
"../../Plugins/Enterprise/DatasmithContent/Content/Blueprints/FBXImporter/ArrayOfActor.uasset" 297
"../../Plugins/Enterprise/DatasmithContent/Content/Blueprints/FBXImporter/ArrayOfSwitch.uasset" 298
"../../Plugins/Enterprise/DatasmithContent/Content/Blueprints/FBXImporter/BP_Switch.uasset" 299
"../../Plugins/Enterprise/DatasmithContent/Content/Blueprints/FBXImporter/BP_SceneRoot.uasset" 300
"../../Plugins/Enterprise/DatasmithContent/Content/Blueprints/FBXImporter/BP_SceneNode.uasset" 301
"../../Plugins/Enterprise/DatasmithContent/Content/Blueprints/FBXImporter/BP_AnimatedNode.uasset" 302
"../../Plugins/Enterprise/DatasmithContent/Content/Blueprints/FBXImporter/BP_Animation.uasset" 303
"C:/Users/ender/Desktop/ColiseumChaos-master/Content/GUI/MainMenu/MMCam.uasset" 304
"C:/Users/ender/Desktop/ColiseumChaos-master/Content/LogoPart/bg.uasset" 305
"C:/Users/ender/Desktop/ColiseumChaos-master/Content/LogoPart/logoBackground.uasset" 306
"C:/Users/ender/Desktop/ColiseumChaos-master/Content/LogoPart/LOGO.uasset" 307
"C:/Users/ender/Desktop/ColiseumChaos-master/Content/LogoPart/logoIcon.uasset" 308
"C:/Users/ender/Desktop/ColiseumChaos-master/Content/Sound/Music/00_-_Arabian_Spark_Logo_Chime.uasset" 309
"C:/Users/ender/Desktop/ColiseumChaos-master/Content/Maps/Logo.umap" 310
"../../../Engine/Content/EngineSky/C_Sky_Cloud_Color.uasset" 311
"../../../Engine/Content/EngineSky/C_Sky_Horizon_Color.uasset" 312
"../../../Engine/Content/EngineSky/C_Sky_Zenith_Color.uasset" 313
"../../../Engine/Content/EngineSky/T_Sky_Blue.uasset" 314
"../../../Engine/Content/EngineSky/T_Sky_Clouds_M.uasset" 315
"../../../Engine/Content/EngineSky/T_Sky_Stars.uasset" 316
"../../../Engine/Content/EngineSky/M_Sky_Panning_Clouds2.uasset" 317
"../../../Engine/Content/EngineSky/SM_SkySphere.uasset" 318
"../../../Engine/Content/EngineSky/BP_Sky_Sphere.uasset" 319
"C:/Users/ender/Desktop/ColiseumChaos-master/Content/GUI/MainMenu/Barracks/BarracksBG.uasset" 320
"C:/Users/ender/Desktop/ColiseumChaos-master/Content/Swords/Pack1/textures/default.uasset" 321
"C:/Users/ender/Desktop/ColiseumChaos-master/Content/GUI/MainMenu/Barracks/BarracksMenu1.uasset" 322
"C:/Users/ender/Desktop/ColiseumChaos-master/Content/Swords/Pack1/defaultSwordSprite.uasset" 323
"C:/Users/ender/Desktop/ColiseumChaos-master/Content/GUI/MainMenu/Barracks/LeaningSword.uasset" 324
"C:/Users/ender/Desktop/ColiseumChaos-master/Content/Swords/Pack1/textures/crimson.uasset" 325
"C:/Users/ender/Desktop/ColiseumChaos-master/Content/Swords/Pack1/crimsonSprite.uasset" 326
"C:/Users/ender/Desktop/ColiseumChaos-master/Content/GUI/MainMenu/Barracks/BarracksSwords.uasset" 327
"C:/Users/ender/Desktop/ColiseumChaos-master/Content/GUI/MainMenu/Barracks/Barracks.uasset" 328
"C:/Users/ender/Desktop/ColiseumChaos-master/Content/Hats/textures/cap.uasset" 329
"C:/Users/ender/Desktop/ColiseumChaos-master/Content/Hats/capSprite.uasset" 330
"C:/Users/ender/Desktop/ColiseumChaos-master/Content/GUI/MainMenu/MMPlayer.uasset" 331
"C:/Users/ender/Desktop/ColiseumChaos-master/Content/Hats/textures/eyepatch.uasset" 332
"C:/Users/ender/Desktop/ColiseumChaos-master/Content/Hats/eyepatchSprite.uasset" 333
"C:/Users/ender/Desktop/ColiseumChaos-master/Content/Hats/textures/greyHeadBand.uasset" 334
"C:/Users/ender/Desktop/ColiseumChaos-master/Content/Hats/greyHeadbandSprite.uasset" 335
"C:/Users/ender/Desktop/ColiseumChaos-master/Content/Hats/textures/shades.uasset" 336
"C:/Users/ender/Desktop/ColiseumChaos-master/Content/Hats/shadesSprite.uasset" 337
"C:/Users/ender/Desktop/ColiseumChaos-master/Content/GUI/MainMenu/Hats/HatsMenu.uasset" 338
"C:/Users/ender/Desktop/ColiseumChaos-master/Content/GUI/MainMenu/Hats/Hats_BG.uasset" 339
"C:/Users/ender/Desktop/ColiseumChaos-master/Content/GUI/MainMenu/MainMenu.uasset" 340
"C:/Users/ender/Desktop/ColiseumChaos-master/Content/GUI/MainMenu/MainMenuActor.uasset" 341
"C:/Users/ender/Desktop/ColiseumChaos-master/Content/GUI/MainMenu/Shop/Chests/textures/chest.uasset" 342
"C:/Users/ender/Desktop/ColiseumChaos-master/Content/GUI/MainMenu/Shop/Chests/regularChest.uasset" 343
"C:/Users/ender/Desktop/ColiseumChaos-master/Content/GUI/MainMenu/Shop/ShopWidget.uasset" 344
"C:/Users/ender/Desktop/ColiseumChaos-master/Content/GUI/MainMenu/Shop/ShopBP.uasset" 345
"C:/Users/ender/Desktop/ColiseumChaos-master/Content/Maps/MainMenu_BuiltData.uasset" 346
"C:/Users/ender/Desktop/ColiseumChaos-master/Content/Tilesets/Sand/Sand.uasset" 347
"C:/Users/ender/Desktop/ColiseumChaos-master/Content/Tilesets/Sand/Sand_Tile.uasset" 348
"C:/Users/ender/Desktop/ColiseumChaos-master/Content/GUI/MainMenu/mainMenuBackground.uasset" 349
"C:/Users/ender/Desktop/ColiseumChaos-master/Content/GUI/MainMenu/mainMenuFloor.uasset" 350
"C:/Users/ender/Desktop/ColiseumChaos-master/Content/GUI/MainMenu/shopFloor.uasset" 351
"C:/Users/ender/Desktop/ColiseumChaos-master/Content/GUI/MainMenu/shopWall.uasset" 352
"C:/Users/ender/Desktop/ColiseumChaos-master/Content/Sound/Music/01_-_The_Glowing_Gates_Menu_Theme__1_.uasset" 353
"C:/Users/ender/Desktop/ColiseumChaos-master/Content/Maps/MainMenu.umap" 354
"C:/Users/ender/Desktop/ColiseumChaos-master/Content/Enemy/Spawner.uasset" 355
"C:/Users/ender/Desktop/ColiseumChaos-master/Content/Maps/Sand_LvL_BuiltData.uasset" 356
"C:/Users/ender/Desktop/ColiseumChaos-master/Content/Maps/Sandy_C.uasset" 357
"C:/Users/ender/Desktop/ColiseumChaos-master/Content/Maps/Sand_LvL.umap" 358
"../../../Engine/Content/Maps/Entry_BuiltData.uasset" 359
"../../../Engine/Content/Maps/Entry.umap" 360
